Using pre-set license
Built from '2020.3/release' branch; Version is '2020.3.15f2 (6cf78cb77498) revision 7141260'; Using compiler version '192528614'; Build Type 'Release'
OS: 'Windows 10 Pro; OS build 19042.1288; Version 2009; 64bit' Language: 'pt' Physical Memory: 16229 MB
BatchMode: 1, IsHumanControllingUs: 0, StartBugReporterOnCrash: 0, Is64bit: 1, IsPro: 0

 COMMAND LINE ARGUMENTS:
D:\Unity\Nova pasta\2020.3.15f2\Editor\Unity.exe
-adb2
-batchMode
-noUpm
-name
AssetImportWorker0
-projectPath
C:/Users/Diego/Desktop/Mario-Unity-master
-logFile
Logs/AssetImportWorker0.log
-srvPort
59729
Successfully changed project path to: C:/Users/Diego/Desktop/Mario-Unity-master
C:/Users/Diego/Desktop/Mario-Unity-master
Using Asset Import Pipeline V2.
Refreshing native plugins compatible for Editor in 55.00 ms, found 2 plugins.
Preloading 0 native plugins for Editor in 0.00 ms.
Initialize engine version: 2020.3.15f2 (6cf78cb77498)
[Subsystems] Discovering subsystems at path D:/Unity/Nova pasta/2020.3.15f2/Editor/Data/Resources/UnitySubsystems
[Subsystems] Discovering subsystems at path C:/Users/Diego/Desktop/Mario-Unity-master/Assets
GfxDevice: creating device client; threaded=0
Direct3D:
    Version:  Direct3D 11.0 [level 11.1]
    Renderer: NVIDIA GeForce GTX 1060 6GB (ID=0x1c03)
    Vendor:   
    VRAM:     6052 MB
    Driver:   27.21.14.5671
Initialize mono
Mono path[0] = 'D:/Unity/Nova pasta/2020.3.15f2/Editor/Data/Managed'
Mono path[1] = 'D:/Unity/Nova pasta/2020.3.15f2/Editor/Data/MonoBleedingEdge/lib/mono/unityjit'
Mono config path = 'D:/Unity/Nova pasta/2020.3.15f2/Editor/Data/MonoBleedingEdge/etc'
Using monoOptions --debugger-agent=transport=dt_socket,embedding=1,server=y,suspend=n,address=127.0.0.1:56488
Begin MonoManager ReloadAssembly
Registering precompiled unity dll's ...
Register platform support module: D:/Unity/Nova pasta/2020.3.15f2/Editor/Data/PlaybackEngines/WebGLSupport/UnityEditor.WebGL.Extensions.dll
Register platform support module: D:/Unity/Nova pasta/2020.3.15f2/Editor/Data/PlaybackEngines/WindowsStandaloneSupport/UnityEditor.WindowsStandalone.Extensions.dll
Registered in 0.001232 seconds.
Native extension for WindowsStandalone target not found
Native extension for WebGL target not found
Refreshing native plugins compatible for Editor in 44.64 ms, found 2 plugins.
Preloading 0 native plugins for Editor in 0.00 ms.
Unable to find bridge dll in registry for Microsoft Visual Studio Tools for Unity for D:\Arquivos de Programas (D)\visual studio\Common7\IDE\devenv.exe
Mono: successfully reloaded assembly
- Completed reload, in  1.458 seconds
Domain Reload Profiling:
	ReloadAssembly (1459ms)
		BeginReloadAssembly (52ms)
			ExecutionOrderSort (0ms)
			DisableScriptedObjects (0ms)
			BackupInstance (0ms)
			ReleaseScriptingObjects (0ms)
			CreateAndSetChildDomain (1ms)
		EndReloadAssembly (407ms)
			LoadAssemblies (51ms)
			RebuildTransferFunctionScriptingTraits (0ms)
			SetupTypeCache (146ms)
			ReleaseScriptCaches (0ms)
			RebuildScriptCaches (30ms)
			SetupLoadedEditorAssemblies (167ms)
				LogAssemblyErrors (0ms)
				InitializePlatformSupportModulesInManaged (4ms)
				SetLoadedEditorAssemblies (0ms)
				RefreshPlugins (45ms)
				BeforeProcessingInitializeOnLoad (11ms)
				ProcessInitializeOnLoadAttributes (80ms)
				ProcessInitializeOnLoadMethodAttributes (26ms)
				AfterProcessingInitializeOnLoad (0ms)
				EditorAssembliesLoaded (0ms)
			ExecutionOrderSort2 (0ms)
			AwakeInstancesAfterBackupRestoration (0ms)
Platform modules already initialized, skipping
Registering precompiled user dll's ...
Registered in 0.005808 seconds.
Begin MonoManager ReloadAssembly
Native extension for WindowsStandalone target not found
Native extension for WebGL target not found
Refreshing native plugins compatible for Editor in 0.63 ms, found 2 plugins.
Preloading 0 native plugins for Editor in 0.00 ms.
Mono: successfully reloaded assembly
- Completed reload, in  1.119 seconds
Domain Reload Profiling:
	ReloadAssembly (1119ms)
		BeginReloadAssembly (138ms)
			ExecutionOrderSort (0ms)
			DisableScriptedObjects (4ms)
			BackupInstance (0ms)
			ReleaseScriptingObjects (0ms)
			CreateAndSetChildDomain (17ms)
		EndReloadAssembly (926ms)
			LoadAssemblies (85ms)
			RebuildTransferFunctionScriptingTraits (0ms)
			SetupTypeCache (275ms)
			ReleaseScriptCaches (0ms)
			RebuildScriptCaches (45ms)
			SetupLoadedEditorAssemblies (426ms)
				LogAssemblyErrors (0ms)
				InitializePlatformSupportModulesInManaged (5ms)
				SetLoadedEditorAssemblies (0ms)
				RefreshPlugins (1ms)
				BeforeProcessingInitializeOnLoad (98ms)
				ProcessInitializeOnLoadAttributes (286ms)
				ProcessInitializeOnLoadMethodAttributes (33ms)
				AfterProcessingInitializeOnLoad (2ms)
				EditorAssembliesLoaded (0ms)
			ExecutionOrderSort2 (0ms)
			AwakeInstancesAfterBackupRestoration (6ms)
Platform modules already initialized, skipping
========================================================================
Worker process is ready to serve import requests
Launched and connected shader compiler UnityShaderCompiler.exe after 0.09 seconds
Refreshing native plugins compatible for Editor in 0.60 ms, found 2 plugins.
Preloading 0 native plugins for Editor in 0.00 ms.
Unloading 1964 Unused Serialized files (Serialized files now loaded: 0)
System memory in use before: 80.8 MB.
System memory in use after: 80.9 MB.

Unloading 58 unused Assets to reduce memory usage. Loaded Objects now: 2367.
Total: 5.690900 ms (FindLiveObjects: 0.184800 ms CreateObjectMapping: 0.074000 ms MarkObjects: 5.357100 ms  DeleteObjects: 0.073700 ms)

AssetImportParameters requested are different than current active one (requested -> active):
  custom:framework-win-MediaFoundation: 216162199b28c13a410421893ffa2e32 -> 
  custom:video-decoder-ogg-theora: a1e56fd34408186e4bbccfd4996cb3dc -> 
  custom:container-muxer-webm: aa71ff27fc2769a1b78a27578f13a17b -> 
  custom:container-demuxer-webm: 4f35f7cbe854078d1ac9338744f61a02 -> 
  custom:container-demuxer-ogg: 62fdf1f143b41e24485cea50d1cbac27 -> 
  custom:video-encoder-webm-vp8: eb34c28f22e8b96e1ab97ce403110664 -> 
  custom:video-decoder-webm-vp8: 9c59270c3fd7afecdb556c50c9e8de78 -> 
  custom:audio-decoder-ogg-vorbis: bf7c407c2cedff20999df2af8eb42d56 -> 
  custom:audio-encoder-webm-vorbis: bf7c407c2cedff20999df2af8eb42d56 -> 
========================================================================
Received Import Request.
  path: Assets/Sprite/mario.png
  artifactKey: Guid(96bf37e027a12495cb0316eba30eb648) Importer(815301076,1909f56bfc062723c751e8b465ee728b)
Start importing Assets/Sprite/mario.png using Guid(96bf37e027a12495cb0316eba30eb648) Importer(815301076,1909f56bfc062723c751e8b465ee728b)  -> (artifact id: 'fbcbe97753eeaee2402b35c7abe5a81a') in 0.153548 seconds 
  Import took 0.156326 seconds .

========================================================================
Received Import Request.
  Time since last request: 0.000289 seconds.
  path: Assets/Sprite/gomba2.png
  artifactKey: Guid(1f0184d3d7ab8453a94cdd3e862d5d5d) Importer(815301076,1909f56bfc062723c751e8b465ee728b)
Start importing Assets/Sprite/gomba2.png using Guid(1f0184d3d7ab8453a94cdd3e862d5d5d) Importer(815301076,1909f56bfc062723c751e8b465ee728b)  -> (artifact id: '2e500802b6eed0d81e4352fb91ac9d0f') in 0.013033 seconds 
  Import took 0.015641 seconds .

========================================================================
Received Import Request.
  Time since last request: 0.000300 seconds.
  path: Assets/Render/emulogic.ttf
  artifactKey: Guid(30b442a9dfb304fd693650fd56fc0ed9) Importer(815301076,1909f56bfc062723c751e8b465ee728b)
Start importing Assets/Render/emulogic.ttf using Guid(30b442a9dfb304fd693650fd56fc0ed9) Importer(815301076,1909f56bfc062723c751e8b465ee728b)  -> (artifact id: 'e24eb10556783c6e62bf2288ed4fb92a') in 0.145331 seconds 
  Import took 0.148064 seconds .

========================================================================
Received Import Request.
  Time since last request: 0.000259 seconds.
  path: Assets/Sprite/tiles.png
  artifactKey: Guid(855dc7396df3c4e49ac4d21234eac5e1) Importer(815301076,1909f56bfc062723c751e8b465ee728b)
Start importing Assets/Sprite/tiles.png using Guid(855dc7396df3c4e49ac4d21234eac5e1) Importer(815301076,1909f56bfc062723c751e8b465ee728b)  -> (artifact id: '3f3fcecc13d921708952fc0062153488') in 0.992841 seconds 
  Import took 0.997991 seconds .

========================================================================
Received Import Request.
  Time since last request: 0.000224 seconds.
  path: Assets/Tiles/Medium Cloud.prefab
  artifactKey: Guid(4a1eba94e669749d0aaebd850fbb3c9c) Importer(815301076,1909f56bfc062723c751e8b465ee728b)
Start importing Assets/Tiles/Medium Cloud.prefab using Guid(4a1eba94e669749d0aaebd850fbb3c9c) Importer(815301076,1909f56bfc062723c751e8b465ee728b)  -> (artifact id: 'e738ba28bc7d8eb5f349ff882ac2e9ac') in 0.066782 seconds 
  Import took 0.071407 seconds .

========================================================================
Received Import Request.
  Time since last request: 0.000374 seconds.
  path: Assets/Sprite/items.png
  artifactKey: Guid(cbe738a6b31804fbfa01d65f850d595b) Importer(815301076,1909f56bfc062723c751e8b465ee728b)
Start importing Assets/Sprite/items.png using Guid(cbe738a6b31804fbfa01d65f850d595b) Importer(815301076,1909f56bfc062723c751e8b465ee728b)  -> (artifact id: '26c805b9f71b0e1e46c56e1c4d43e46b') in 0.688739 seconds 
  Import took 0.693182 seconds .

========================================================================
Received Import Request.
  Time since last request: 0.000250 seconds.
  path: Assets/Sprite/gomba1.png
  artifactKey: Guid(38e0e8426672e4822a0598cdbc315077) Importer(815301076,1909f56bfc062723c751e8b465ee728b)
Start importing Assets/Sprite/gomba1.png using Guid(38e0e8426672e4822a0598cdbc315077) Importer(815301076,1909f56bfc062723c751e8b465ee728b)  -> (artifact id: 'f9d02a2f9dfc7605f075fdabe29bb986') in 0.012673 seconds 
  Import took 0.015363 seconds .

========================================================================
Received Import Request.
  Time since last request: 0.000239 seconds.
  path: Assets/Tiles/Small Bush.prefab
  artifactKey: Guid(6867371c01ce64a02bc1f9fc91378731) Importer(815301076,1909f56bfc062723c751e8b465ee728b)
Start importing Assets/Tiles/Small Bush.prefab using Guid(6867371c01ce64a02bc1f9fc91378731) Importer(815301076,1909f56bfc062723c751e8b465ee728b)  -> (artifact id: 'cfe4864c954b5ae72885144eec608513') in 0.016193 seconds 
  Import took 0.019192 seconds .

========================================================================
Received Import Request.
  Time since last request: 0.000262 seconds.
  path: Assets/Tiles/Large Bush.prefab
  artifactKey: Guid(de919439606a04768a955f72de89c727) Importer(815301076,1909f56bfc062723c751e8b465ee728b)
Start importing Assets/Tiles/Large Bush.prefab using Guid(de919439606a04768a955f72de89c727) Importer(815301076,1909f56bfc062723c751e8b465ee728b)  -> (artifact id: '0793785549c49ed81d1ee700de42fd4f') in 0.015007 seconds 
  Import took 0.018002 seconds .

========================================================================
Received Import Request.
  Time since last request: 0.000273 seconds.
  path: Assets/Tiles/Small Cloud.prefab
  artifactKey: Guid(fc14cf47eeec146e6aea8abc54d16e02) Importer(815301076,1909f56bfc062723c751e8b465ee728b)
Start importing Assets/Tiles/Small Cloud.prefab using Guid(fc14cf47eeec146e6aea8abc54d16e02) Importer(815301076,1909f56bfc062723c751e8b465ee728b)  -> (artifact id: 'd57f949841fa3becc01c7f498b6e8e7a') in 0.017587 seconds 
  Import took 0.020397 seconds .

========================================================================
Received Import Request.
  Time since last request: 0.000257 seconds.
  path: Assets/Tiles/gomba.prefab
  artifactKey: Guid(f6f99d2c27be84815a710c7dffe82417) Importer(815301076,1909f56bfc062723c751e8b465ee728b)
Start importing Assets/Tiles/gomba.prefab using Guid(f6f99d2c27be84815a710c7dffe82417) Importer(815301076,1909f56bfc062723c751e8b465ee728b)  -> (artifact id: '8c181fc7615009f24e4b9dcbb6c996cf') in 0.040381 seconds 
  Import took 0.043321 seconds .

========================================================================
Received Import Request.
  Time since last request: 0.000252 seconds.
  path: Assets/Tiles/Medium Bush.prefab
  artifactKey: Guid(597cbee3e13cc41d08ba2949d6cd8d85) Importer(815301076,1909f56bfc062723c751e8b465ee728b)
Start importing Assets/Tiles/Medium Bush.prefab using Guid(597cbee3e13cc41d08ba2949d6cd8d85) Importer(815301076,1909f56bfc062723c751e8b465ee728b)  -> (artifact id: 'a037a8020b55a78cc6c2e402d3e57345') in 0.013806 seconds 
  Import took 0.016530 seconds .

========================================================================
Received Import Request.
  Time since last request: 0.000265 seconds.
  path: Assets/Tiles/Brick.prefab
  artifactKey: Guid(bc9dc06dfe63449978fddfcada637d88) Importer(815301076,1909f56bfc062723c751e8b465ee728b)
Start importing Assets/Tiles/Brick.prefab using Guid(bc9dc06dfe63449978fddfcada637d88) Importer(815301076,1909f56bfc062723c751e8b465ee728b)  -> (artifact id: '43adabc1632c3e9ad141255d109a4931') in 0.014037 seconds 
  Import took 0.017010 seconds .

========================================================================
Received Import Request.
  Time since last request: 0.000319 seconds.
  path: Assets/Tiles/Ground.prefab
  artifactKey: Guid(4fdff0945c5c2457c81ff3ead890fb51) Importer(815301076,1909f56bfc062723c751e8b465ee728b)
Start importing Assets/Tiles/Ground.prefab using Guid(4fdff0945c5c2457c81ff3ead890fb51) Importer(815301076,1909f56bfc062723c751e8b465ee728b)  -> (artifact id: '0b76c1f59a89d91c2987634c6e895ac2') in 0.014190 seconds 
  Import took 0.017218 seconds .

========================================================================
Received Import Request.
  Time since last request: 0.000255 seconds.
  path: Assets/Render/Sprite.mat
  artifactKey: Guid(64fb61db77e464fb2ba2a0c90d9a7e41) Importer(815301076,1909f56bfc062723c751e8b465ee728b)
Start importing Assets/Render/Sprite.mat using Guid(64fb61db77e464fb2ba2a0c90d9a7e41) Importer(815301076,1909f56bfc062723c751e8b465ee728b)  -> (artifact id: 'd2749f7c213b694f633ac1e622cc47cb') in 0.017306 seconds 
  Import took 0.020164 seconds .

========================================================================
Received Import Request.
  Time since last request: 0.000245 seconds.
  path: Assets/Render/scorefont.ttf
  artifactKey: Guid(08f304c7121a84ff0a58b0fc70a6e3a9) Importer(815301076,1909f56bfc062723c751e8b465ee728b)
Start importing Assets/Render/scorefont.ttf using Guid(08f304c7121a84ff0a58b0fc70a6e3a9) Importer(815301076,1909f56bfc062723c751e8b465ee728b)  -> (artifact id: '06ea93ced28b2ba5c3018ecbb807500b') in 0.015659 seconds 
  Import took 0.018787 seconds .

========================================================================
Received Import Request.
  Time since last request: 0.000297 seconds.
  path: Assets/Render/AudioSource.prefab
  artifactKey: Guid(71b631430dbe24e809a25959c0e861c0) Importer(815301076,1909f56bfc062723c751e8b465ee728b)
Start importing Assets/Render/AudioSource.prefab using Guid(71b631430dbe24e809a25959c0e861c0) Importer(815301076,1909f56bfc062723c751e8b465ee728b)  -> (artifact id: '9db4505da04a57dc79c4b7b720e56724') in 0.009559 seconds 
  Import took 0.013208 seconds .

========================================================================
Received Import Request.
  Time since last request: 0.000264 seconds.
  path: Assets/Render/FloatPoints.prefab
  artifactKey: Guid(24db37c11a79844faa863424623fff1e) Importer(815301076,1909f56bfc062723c751e8b465ee728b)
Start importing Assets/Render/FloatPoints.prefab using Guid(24db37c11a79844faa863424623fff1e) Importer(815301076,1909f56bfc062723c751e8b465ee728b)  -> (artifact id: '5531e50ed9d9282afa2529c2c0e91ec5') in 0.016742 seconds 
  Import took 0.020414 seconds .

========================================================================
Received Import Request.
  Time since last request: 0.000206 seconds.
  path: Assets/Tiles/Large Cloud.prefab
  artifactKey: Guid(08f981a8aa75a4f6d900bd1205f8483d) Importer(815301076,1909f56bfc062723c751e8b465ee728b)
Start importing Assets/Tiles/Large Cloud.prefab using Guid(08f981a8aa75a4f6d900bd1205f8483d) Importer(815301076,1909f56bfc062723c751e8b465ee728b)  -> (artifact id: '5fd700e9984d9204eb8d8200ac5dbc0c') in 0.017535 seconds 
  Import took 0.021732 seconds .

========================================================================
Received Import Request.
  Time since last request: 0.000253 seconds.
  path: Assets/Tiles/Small Hill.prefab
  artifactKey: Guid(6b622841fa34d4febbd7fb25323920ff) Importer(815301076,1909f56bfc062723c751e8b465ee728b)
Start importing Assets/Tiles/Small Hill.prefab using Guid(6b622841fa34d4febbd7fb25323920ff) Importer(815301076,1909f56bfc062723c751e8b465ee728b)  -> (artifact id: '8827d8c1084e66cdc6fc8ae76d49bd46') in 0.016992 seconds 
  Import took 0.020382 seconds .

========================================================================
Received Import Request.
  Time since last request: 0.000218 seconds.
  path: Assets/Tiles/Coin.prefab
  artifactKey: Guid(6606f2cc2812f4e1e986440e77fb08ac) Importer(815301076,1909f56bfc062723c751e8b465ee728b)
Start importing Assets/Tiles/Coin.prefab using Guid(6606f2cc2812f4e1e986440e77fb08ac) Importer(815301076,1909f56bfc062723c751e8b465ee728b)  -> (artifact id: '9bf82cc02e5a454a4d7b4412ebe35e40') in 0.017770 seconds 
  Import took 0.021095 seconds .

========================================================================
Received Import Request.
  Time since last request: 0.000249 seconds.
  path: Assets/Tiles/Large HIll.prefab
  artifactKey: Guid(41b3f4cf52140432ca94e56e8bb869d9) Importer(815301076,1909f56bfc062723c751e8b465ee728b)
Start importing Assets/Tiles/Large HIll.prefab using Guid(41b3f4cf52140432ca94e56e8bb869d9) Importer(815301076,1909f56bfc062723c751e8b465ee728b)  -> (artifact id: '05c2a978c55cdd158aa6228ebbd50684') in 0.015396 seconds 
  Import took 0.019054 seconds .

========================================================================
Received Import Request.
  Time since last request: 0.000245 seconds.
  path: Assets/Sprite/Break.prefab
  artifactKey: Guid(68dc840ab62f7450896eb3dd3cf04a68) Importer(815301076,1909f56bfc062723c751e8b465ee728b)
Start importing Assets/Sprite/Break.prefab using Guid(68dc840ab62f7450896eb3dd3cf04a68) Importer(815301076,1909f56bfc062723c751e8b465ee728b)  -> (artifact id: '2dfacf28d483eaf810a3a00bed8dd93f') in 0.039013 seconds 
  Import took 0.043258 seconds .

========================================================================
Received Import Request.
  Time since last request: 0.913768 seconds.
  path: Assets/Audio/Beep.wav
  artifactKey: Guid(a0b36352006764927b0bd2d81daa15ac) Importer(815301076,1909f56bfc062723c751e8b465ee728b)
Start importing Assets/Audio/Beep.wav using Guid(a0b36352006764927b0bd2d81daa15ac) Importer(815301076,1909f56bfc062723c751e8b465ee728b)  -> (artifact id: 'fb798a2738d1a9b073c4708f4228fd35') in 0.067549 seconds 
  Import took 0.070384 seconds .

========================================================================
Received Import Request.
  Time since last request: 0.000253 seconds.
  path: Assets/Audio/clear.mp3
  artifactKey: Guid(fd92bc37d89a0456e9488fd83d53e81f) Importer(815301076,1909f56bfc062723c751e8b465ee728b)
Start importing Assets/Audio/clear.mp3 using Guid(fd92bc37d89a0456e9488fd83d53e81f) Importer(815301076,1909f56bfc062723c751e8b465ee728b)  -> (artifact id: '4ebd0b358e49a1a407747897ca210e44') in 0.025587 seconds 
  Import took 0.028212 seconds .

========================================================================
Received Import Request.
  Time since last request: 0.000264 seconds.
  path: Assets/Audio/theme.mp3
  artifactKey: Guid(e5305d5d7492a47f1ad3fecc8bf71817) Importer(815301076,1909f56bfc062723c751e8b465ee728b)
Start importing Assets/Audio/theme.mp3 using Guid(e5305d5d7492a47f1ad3fecc8bf71817) Importer(815301076,1909f56bfc062723c751e8b465ee728b)  -> (artifact id: '8bbd1651ff9736c292b90e1caf2ca54d') in 0.014725 seconds 
  Import took 0.017429 seconds .

========================================================================
Received Import Request.
  Time since last request: 0.000288 seconds.
  path: Assets/Audio/smb_jump-small.wav
  artifactKey: Guid(7c29c0ec8b929454f999dbe9a45a7cab) Importer(815301076,1909f56bfc062723c751e8b465ee728b)
Start importing Assets/Audio/smb_jump-small.wav using Guid(7c29c0ec8b929454f999dbe9a45a7cab) Importer(815301076,1909f56bfc062723c751e8b465ee728b)  -> (artifact id: '3bf9cdb5ceb344e249817116cdb3c097') in 0.011067 seconds 
  Import took 0.014149 seconds .

========================================================================
Received Import Request.
  Time since last request: 0.000241 seconds.
  path: Assets/Audio/smb_breakblock.wav
  artifactKey: Guid(490f1cae6c7ad487db9edf3915018d85) Importer(815301076,1909f56bfc062723c751e8b465ee728b)
Start importing Assets/Audio/smb_breakblock.wav using Guid(490f1cae6c7ad487db9edf3915018d85) Importer(815301076,1909f56bfc062723c751e8b465ee728b)  -> (artifact id: '34271638b8af75992af585e1d1558030') in 0.012791 seconds 
  Import took 0.016149 seconds .

========================================================================
Received Import Request.
  Time since last request: 0.000310 seconds.
  path: Assets/Audio/smb_bump.wav
  artifactKey: Guid(8c4927f1ead9e4d41ae5752f40e407d5) Importer(815301076,1909f56bfc062723c751e8b465ee728b)
Start importing Assets/Audio/smb_bump.wav using Guid(8c4927f1ead9e4d41ae5752f40e407d5) Importer(815301076,1909f56bfc062723c751e8b465ee728b)  -> (artifact id: '8adb971876c32f6da53a67a183b976be') in 0.011299 seconds 
  Import took 0.014961 seconds .

========================================================================
Received Import Request.
  Time since last request: 0.000600 seconds.
  path: Assets/Audio/smb_flagpole.wav
  artifactKey: Guid(0a4eda3df836a4e309562c4c66f6cef7) Importer(815301076,1909f56bfc062723c751e8b465ee728b)
Start importing Assets/Audio/smb_flagpole.wav using Guid(0a4eda3df836a4e309562c4c66f6cef7) Importer(815301076,1909f56bfc062723c751e8b465ee728b)  -> (artifact id: 'a66d8ef8ef27583f3ccc66351aa0f198') in 0.011935 seconds 
  Import took 0.017176 seconds .

========================================================================
Received Import Request.
  Time since last request: 0.000273 seconds.
  path: Assets/Audio/smb_mariodie.wav
  artifactKey: Guid(25ac371a7acb84aef8a675a3d9db1c99) Importer(815301076,1909f56bfc062723c751e8b465ee728b)
Start importing Assets/Audio/smb_mariodie.wav using Guid(25ac371a7acb84aef8a675a3d9db1c99) Importer(815301076,1909f56bfc062723c751e8b465ee728b)  -> (artifact id: 'd63b0530bb4033f4e1980fc96bbe6d56') in 0.014156 seconds 
  Import took 0.018012 seconds .

========================================================================
Received Import Request.
  Time since last request: 0.000240 seconds.
  path: Assets/Audio/smb_jump-super.wav
  artifactKey: Guid(e605f2bb7819d4d0bb11e4ef5d679fdc) Importer(815301076,1909f56bfc062723c751e8b465ee728b)
Start importing Assets/Audio/smb_jump-super.wav using Guid(e605f2bb7819d4d0bb11e4ef5d679fdc) Importer(815301076,1909f56bfc062723c751e8b465ee728b)  -> (artifact id: 'da1c373fdb44565f8bfb3441e403575d') in 0.013879 seconds 
  Import took 0.016876 seconds .

========================================================================
Received Import Request.
  Time since last request: 0.000282 seconds.
  path: Assets/Audio/smb_coin.wav
  artifactKey: Guid(e3a428cbcca3a4eea80f28efad079778) Importer(815301076,1909f56bfc062723c751e8b465ee728b)
Start importing Assets/Audio/smb_coin.wav using Guid(e3a428cbcca3a4eea80f28efad079778) Importer(815301076,1909f56bfc062723c751e8b465ee728b)  -> (artifact id: '61f0ffea8cf5f1d46de7a997c47ad940') in 0.015418 seconds 
  Import took 0.018489 seconds .

========================================================================
Received Import Request.
  Time since last request: 0.000230 seconds.
  path: Assets/Audio/smb_pipe.wav
  artifactKey: Guid(b1d4d6e673cfd43fda39cf2ceccc296c) Importer(815301076,1909f56bfc062723c751e8b465ee728b)
Start importing Assets/Audio/smb_pipe.wav using Guid(b1d4d6e673cfd43fda39cf2ceccc296c) Importer(815301076,1909f56bfc062723c751e8b465ee728b)  -> (artifact id: '6905e1f891e658f50c2273ddf9386ad5') in 0.016421 seconds 
  Import took 0.019565 seconds .

========================================================================
Received Import Request.
  Time since last request: 0.000163 seconds.
  path: Assets/Audio/smb_stomp.wav
  artifactKey: Guid(2831e105608904d11a50e3d9d88b15d6) Importer(815301076,1909f56bfc062723c751e8b465ee728b)
Start importing Assets/Audio/smb_stomp.wav using Guid(2831e105608904d11a50e3d9d88b15d6) Importer(815301076,1909f56bfc062723c751e8b465ee728b)  -> (artifact id: 'b44308547f02c8bfbbc3470689388267') in 0.012760 seconds 
  Import took 0.015777 seconds .

========================================================================
Received Import Request.
  Time since last request: 0.000218 seconds.
  path: Assets/Audio/smb_bowserfire.wav
  artifactKey: Guid(6a4db2d4a222041bfb40ec35a2ab2e28) Importer(815301076,1909f56bfc062723c751e8b465ee728b)
Start importing Assets/Audio/smb_bowserfire.wav using Guid(6a4db2d4a222041bfb40ec35a2ab2e28) Importer(815301076,1909f56bfc062723c751e8b465ee728b)  -> (artifact id: '1f6a49f0d803d7f20050e950a6d08091') in 0.012607 seconds 
  Import took 0.015808 seconds .

========================================================================
Received Import Request.
  Time since last request: 10.292072 seconds.
  path: Packages/com.unity.2d.sprite/package.json
  artifactKey: Guid(7dc5f1e5d04ac8549ac21802071e983b) Importer(815301076,1909f56bfc062723c751e8b465ee728b)
Start importing Packages/com.unity.2d.sprite/package.json using Guid(7dc5f1e5d04ac8549ac21802071e983b) Importer(815301076,1909f56bfc062723c751e8b465ee728b)  -> (artifact id: 'ff87128bdf6981a9843158b29f26b2df') in 0.037746 seconds 
  Import took 0.040564 seconds .

========================================================================
Received Import Request.
  Time since last request: 2.712998 seconds.
  path: Packages/com.unity.2d.tilemap/package.json
  artifactKey: Guid(51797d68d3132bb419217a229e09fc47) Importer(815301076,1909f56bfc062723c751e8b465ee728b)
Start importing Packages/com.unity.2d.tilemap/package.json using Guid(51797d68d3132bb419217a229e09fc47) Importer(815301076,1909f56bfc062723c751e8b465ee728b)  -> (artifact id: '22520fb1654722663eb25abdaed23609') in 0.003113 seconds 
  Import took 0.006151 seconds .

========================================================================
Received Import Request.
  Time since last request: 0.983665 seconds.
  path: Packages/com.unity.ads/package.json
  artifactKey: Guid(dced8f6ea9f964e8e8e61574ea889d21) Importer(815301076,1909f56bfc062723c751e8b465ee728b)
Start importing Packages/com.unity.ads/package.json using Guid(dced8f6ea9f964e8e8e61574ea889d21) Importer(815301076,1909f56bfc062723c751e8b465ee728b)  -> (artifact id: '6b700ffceaebaf0ea7866cc2021d0c04') in 0.002647 seconds 
  Import took 0.005434 seconds .

========================================================================
Received Import Request.
  Time since last request: 0.798947 seconds.
  path: Packages/com.unity.analytics/package.json
  artifactKey: Guid(510d1d319d2754ea4a47c6dd8c421ea0) Importer(815301076,1909f56bfc062723c751e8b465ee728b)
Start importing Packages/com.unity.analytics/package.json using Guid(510d1d319d2754ea4a47c6dd8c421ea0) Importer(815301076,1909f56bfc062723c751e8b465ee728b)  -> (artifact id: 'c561980c4e7c5bd30d711581e02bf39c') in 0.002156 seconds 
  Import took 0.004909 seconds .

========================================================================
Received Import Request.
  Time since last request: 0.634553 seconds.
  path: Packages/com.unity.purchasing/package.json
  artifactKey: Guid(4797030ac1a4416a944aa07d854ffeb4) Importer(815301076,1909f56bfc062723c751e8b465ee728b)
Start importing Packages/com.unity.purchasing/package.json using Guid(4797030ac1a4416a944aa07d854ffeb4) Importer(815301076,1909f56bfc062723c751e8b465ee728b)  -> (artifact id: 'c64fcf9132e26fac6905a6073ff0c5c5') in 0.002341 seconds 
  Import took 0.005339 seconds .

========================================================================
Received Import Request.
  Time since last request: 0.528785 seconds.
  path: Packages/com.unity.ext.nunit/package.json
  artifactKey: Guid(8143d3a8390f2c64685e3bc272bd9e90) Importer(815301076,1909f56bfc062723c751e8b465ee728b)
Start importing Packages/com.unity.ext.nunit/package.json using Guid(8143d3a8390f2c64685e3bc272bd9e90) Importer(815301076,1909f56bfc062723c751e8b465ee728b)  -> (artifact id: '36f449bd9ed4a92e06d659da724da745') in 0.002298 seconds 
  Import took 0.005161 seconds .

========================================================================
Received Import Request.
  Time since last request: 1.359722 seconds.
  path: Packages/com.unity.ide.rider/package.json
  artifactKey: Guid(66c95bb3c74257f41bae2622511dc02d) Importer(815301076,1909f56bfc062723c751e8b465ee728b)
Start importing Packages/com.unity.ide.rider/package.json using Guid(66c95bb3c74257f41bae2622511dc02d) Importer(815301076,1909f56bfc062723c751e8b465ee728b)  -> (artifact id: 'ff96f7b61e94a0dc9b975679be81ead9') in 0.002987 seconds 
  Import took 0.006507 seconds .

========================================================================
Received Import Request.
  Time since last request: 0.471279 seconds.
  path: Packages/com.unity.nuget.newtonsoft-json/package.json
  artifactKey: Guid(f8d4e5c2f2df25449ae8c391afbe5114) Importer(815301076,1909f56bfc062723c751e8b465ee728b)
Start importing Packages/com.unity.nuget.newtonsoft-json/package.json using Guid(f8d4e5c2f2df25449ae8c391afbe5114) Importer(815301076,1909f56bfc062723c751e8b465ee728b)  -> (artifact id: '3887d1616531507fa9c4f23ac1ba7ce0') in 0.002802 seconds 
  Import took 0.005740 seconds .

========================================================================
Received Import Request.
  Time since last request: 0.597351 seconds.
  path: Packages/com.unity.timeline/package.json
  artifactKey: Guid(13a9c1b4df2e489e8eb9cacca7429596) Importer(815301076,1909f56bfc062723c751e8b465ee728b)
Start importing Packages/com.unity.timeline/package.json using Guid(13a9c1b4df2e489e8eb9cacca7429596) Importer(815301076,1909f56bfc062723c751e8b465ee728b)  -> (artifact id: '82c6c08db8f434b9305b26de0687e812') in 0.003749 seconds 
  Import took 0.008945 seconds .

========================================================================
Received Import Request.
  Time since last request: 0.619046 seconds.
  path: Packages/com.unity.ugui/package.json
  artifactKey: Guid(319b8889f363f5947acf209c17a94149) Importer(815301076,1909f56bfc062723c751e8b465ee728b)
Start importing Packages/com.unity.ugui/package.json using Guid(319b8889f363f5947acf209c17a94149) Importer(815301076,1909f56bfc062723c751e8b465ee728b)  -> (artifact id: '39d1f12f0f4420a8b9dea50868bbb5d0') in 0.002306 seconds 
  Import took 0.005166 seconds .

========================================================================
Received Import Request.
  Time since last request: 1.616035 seconds.
  path: Packages/com.unity.collab-proxy/package.json
  artifactKey: Guid(743fda8c4b219c8429fb5a77ede1c879) Importer(815301076,1909f56bfc062723c751e8b465ee728b)
Start importing Packages/com.unity.collab-proxy/package.json using Guid(743fda8c4b219c8429fb5a77ede1c879) Importer(815301076,1909f56bfc062723c751e8b465ee728b)  -> (artifact id: '092c13d73caf3efea5105fdb62b7faf6') in 0.002948 seconds 
  Import took 0.006045 seconds .

========================================================================
Received Import Request.
  Time since last request: 0.482820 seconds.
  path: Packages/com.unity.ide.vscode/package.json
  artifactKey: Guid(ffc6271f08270b64ca0aae9c49235d81) Importer(815301076,1909f56bfc062723c751e8b465ee728b)
Start importing Packages/com.unity.ide.vscode/package.json using Guid(ffc6271f08270b64ca0aae9c49235d81) Importer(815301076,1909f56bfc062723c751e8b465ee728b)  -> (artifact id: '121f7f00aee585d875a77b1339ac65f1') in 0.002616 seconds 
  Import took 0.006415 seconds .

========================================================================
Received Import Request.
  Time since last request: 0.419478 seconds.
  path: Packages/com.unity.ide.visualstudio/package.json
  artifactKey: Guid(656f74f6edaa396458412b9e3903d8cd) Importer(815301076,1909f56bfc062723c751e8b465ee728b)
Start importing Packages/com.unity.ide.visualstudio/package.json using Guid(656f74f6edaa396458412b9e3903d8cd) Importer(815301076,1909f56bfc062723c751e8b465ee728b)  -> (artifact id: 'ce01f8b13dd649e633a5cb502b15c5a7') in 0.002710 seconds 
  Import took 0.006186 seconds .

========================================================================
Received Import Request.
  Time since last request: 0.481904 seconds.
  path: Packages/com.unity.xr.legacyinputhelpers/package.json
  artifactKey: Guid(d16ab7e2b2998ad4c9729d86bb9aa666) Importer(815301076,1909f56bfc062723c751e8b465ee728b)
Start importing Packages/com.unity.xr.legacyinputhelpers/package.json using Guid(d16ab7e2b2998ad4c9729d86bb9aa666) Importer(815301076,1909f56bfc062723c751e8b465ee728b)  -> (artifact id: '69f2b23ea1af7a36f43d9288cb050070') in 0.002343 seconds 
  Import took 0.005194 seconds .

========================================================================
Received Import Request.
  Time since last request: 26.976155 seconds.
  path: Packages/com.unity.textmeshpro/package.json
  artifactKey: Guid(220e9325710f4235a43492dd1ee4980d) Importer(815301076,1909f56bfc062723c751e8b465ee728b)
Start importing Packages/com.unity.textmeshpro/package.json using Guid(220e9325710f4235a43492dd1ee4980d) Importer(815301076,1909f56bfc062723c751e8b465ee728b)  -> (artifact id: '2c6d4de5db3a39bcb3575c98dc9df750') in 0.002560 seconds 
  Import took 0.005626 seconds .

========================================================================
Received Import Request.
  Time since last request: 0.899343 seconds.
  path: Packages/com.unity.test-framework/package.json
  artifactKey: Guid(d6a2e6e4803de7b43baacdc355fc144d) Importer(815301076,1909f56bfc062723c751e8b465ee728b)
Start importing Packages/com.unity.test-framework/package.json using Guid(d6a2e6e4803de7b43baacdc355fc144d) Importer(815301076,1909f56bfc062723c751e8b465ee728b)  -> (artifact id: '100179ef5992d6ac0239f9a02bae69ee') in 0.002862 seconds 
  Import took 0.006114 seconds .

========================================================================
Received Import Request.
  Time since last request: 9.089001 seconds.
  path: Packages/com.unity.ads/Runtime
  artifactKey: Guid(002876826ed0e4ee8b719bd036aed7dc) Importer(815301076,1909f56bfc062723c751e8b465ee728b)
Start importing Packages/com.unity.ads/Runtime using Guid(002876826ed0e4ee8b719bd036aed7dc) Importer(815301076,1909f56bfc062723c751e8b465ee728b)  -> (artifact id: 'a55538ef1276a1f236079e6489a039ed') in 0.005970 seconds 
  Import took 0.008802 seconds .

========================================================================
Received Import Request.
  Time since last request: 0.047753 seconds.
  path: Packages/com.unity.ads/Runtime
  artifactKey: Guid(002876826ed0e4ee8b719bd036aed7dc) Importer(815301076,1909f56bfc062723c751e8b465ee728b)
Start importing Packages/com.unity.ads/Runtime using Guid(002876826ed0e4ee8b719bd036aed7dc) Importer(815301076,1909f56bfc062723c751e8b465ee728b)  -> (artifact id: 'a55538ef1276a1f236079e6489a039ed') in 0.002431 seconds 
  Import took 0.005296 seconds .

========================================================================
Received Import Request.
  Time since last request: 1.824282 seconds.
  path: Packages/com.unity.ads/Editor/UnityEngine.Advertisements.Editor.asmdef
  artifactKey: Guid(eb51336d7912e41739bc491a768fa824) Importer(815301076,1909f56bfc062723c751e8b465ee728b)
Start importing Packages/com.unity.ads/Editor/UnityEngine.Advertisements.Editor.asmdef using Guid(eb51336d7912e41739bc491a768fa824) Importer(815301076,1909f56bfc062723c751e8b465ee728b)  -> (artifact id: 'f7552d28ec1e3544469e265509e085fb') in 0.006984 seconds 
  Import took 0.009843 seconds .

========================================================================
Received Import Request.
  Time since last request: 69.125301 seconds.
  path: Packages/com.unity.test-framework/UnityEditor.TestRunner
  artifactKey: Guid(95cdf27b47eb82747ba9e51f41e72a35) Importer(815301076,1909f56bfc062723c751e8b465ee728b)
Start importing Packages/com.unity.test-framework/UnityEditor.TestRunner using Guid(95cdf27b47eb82747ba9e51f41e72a35) Importer(815301076,1909f56bfc062723c751e8b465ee728b)  -> (artifact id: 'dbe0ccc4a4eec3a30ec5286fdc4cbdda') in 0.007480 seconds 
  Import took 0.011327 seconds .

========================================================================
Received Import Request.
  Time since last request: 1.259026 seconds.
  path: Packages/com.unity.test-framework/UnityEngine.TestRunner
  artifactKey: Guid(950890083f4907541a6ed06d70959e49) Importer(815301076,1909f56bfc062723c751e8b465ee728b)
Start importing Packages/com.unity.test-framework/UnityEngine.TestRunner using Guid(950890083f4907541a6ed06d70959e49) Importer(815301076,1909f56bfc062723c751e8b465ee728b)  -> (artifact id: 'f7c1022129e4c551f8997afcae28fe50') in 0.005905 seconds 
  Import took 0.009192 seconds .

========================================================================
Received Import Request.
  Time since last request: 0.000908 seconds.
  path: Packages/com.unity.test-framework/UnityEngine.TestRunner
  artifactKey: Guid(950890083f4907541a6ed06d70959e49) Importer(815301076,1909f56bfc062723c751e8b465ee728b)
Start importing Packages/com.unity.test-framework/UnityEngine.TestRunner using Guid(950890083f4907541a6ed06d70959e49) Importer(815301076,1909f56bfc062723c751e8b465ee728b)  -> (artifact id: 'f7c1022129e4c551f8997afcae28fe50') in 0.002830 seconds 
  Import took 0.006310 seconds .

========================================================================
Received Import Request.
  Time since last request: 41.442512 seconds.
  path: Packages/com.unity.ads/Runtime/Advertisement
  artifactKey: Guid(0c36924572c704215b054c8455bf19a0) Importer(815301076,1909f56bfc062723c751e8b465ee728b)
Start importing Packages/com.unity.ads/Runtime/Advertisement using Guid(0c36924572c704215b054c8455bf19a0) Importer(815301076,1909f56bfc062723c751e8b465ee728b)  -> (artifact id: '7bb740fc53eeb5cc0bd9679c7e901246') in 0.007949 seconds 
  Import took 0.011130 seconds .

========================================================================
Received Import Request.
  Time since last request: 1.050450 seconds.
  path: Packages/com.unity.ads/Runtime/Advertisement/UnityEngine.Advertisements.asmdef
  artifactKey: Guid(ff6de30450f3748908ff580f6ec64d9a) Importer(815301076,1909f56bfc062723c751e8b465ee728b)
Start importing Packages/com.unity.ads/Runtime/Advertisement/UnityEngine.Advertisements.asmdef using Guid(ff6de30450f3748908ff580f6ec64d9a) Importer(815301076,1909f56bfc062723c751e8b465ee728b)  -> (artifact id: 'fe42ccb406a804eebd81a412c94d2387') in 0.006004 seconds 
  Import took 0.009143 seconds .

========================================================================
Received Import Request.
  Time since last request: 11.003320 seconds.
  path: Packages/com.unity.analytics/DataPrivacy/DataPrivacyButton.prefab
  artifactKey: Guid(71b11355001648444b41d17fd36c150d) Importer(815301076,1909f56bfc062723c751e8b465ee728b)
Start importing Packages/com.unity.analytics/DataPrivacy/DataPrivacyButton.prefab using Guid(71b11355001648444b41d17fd36c150d) Importer(815301076,1909f56bfc062723c751e8b465ee728b)  -> (artifact id: '09f9b9e315ebd1998aa1d3e23c6e34d4') in 0.016861 seconds 
  Import took 0.019946 seconds .

========================================================================
Received Import Request.
  Time since last request: 0.000253 seconds.
  path: Packages/com.unity.xr.legacyinputhelpers/Prefabs/XRRig.prefab
  artifactKey: Guid(c116b7497ab8ca34c9188965d4295e27) Importer(815301076,1909f56bfc062723c751e8b465ee728b)
Start importing Packages/com.unity.xr.legacyinputhelpers/Prefabs/XRRig.prefab using Guid(c116b7497ab8ca34c9188965d4295e27) Importer(815301076,1909f56bfc062723c751e8b465ee728b)  -> (artifact id: '4e0993ac88694dc4088532330439dbe4') in 0.011626 seconds 
  Import took 0.014748 seconds .

========================================================================
Received Import Request.
  Time since last request: 29.078812 seconds.
  path: Assets/Resources
  artifactKey: Guid(b26884060cfae3d43b994fcccb330feb) Importer(815301076,1909f56bfc062723c751e8b465ee728b)
Start importing Assets/Resources using Guid(b26884060cfae3d43b994fcccb330feb) Importer(815301076,1909f56bfc062723c751e8b465ee728b)  -> (artifact id: '9ec2519b4a4f8edf111e5125690caa18') in 0.008320 seconds 
  Import took 0.012469 seconds .

========================================================================
Received Import Request.
  Time since last request: 1.475164 seconds.
  path: Assets/Resources/BillingMode.json
  artifactKey: Guid(8fde1b1ff15da2c47a93859736f95100) Importer(815301076,1909f56bfc062723c751e8b465ee728b)
Start importing Assets/Resources/BillingMode.json using Guid(8fde1b1ff15da2c47a93859736f95100) Importer(815301076,1909f56bfc062723c751e8b465ee728b)  -> (artifact id: '2255ea2acacf7388be7e8bf5a010cefa') in 0.006086 seconds 
  Import took 0.008828 seconds .

========================================================================
Received Import Request.
  Time since last request: 0.027998 seconds.
  path: Assets/Resources/BillingMode.json
  artifactKey: Guid(8fde1b1ff15da2c47a93859736f95100) Importer(815301076,1909f56bfc062723c751e8b465ee728b)
Start importing Assets/Resources/BillingMode.json using Guid(8fde1b1ff15da2c47a93859736f95100) Importer(815301076,1909f56bfc062723c751e8b465ee728b)  -> (artifact id: '2255ea2acacf7388be7e8bf5a010cefa') in 0.003355 seconds 
  Import took 0.006464 seconds .

========================================================================
Received Import Request.
  Time since last request: 8.263945 seconds.
  path: Assets/1-1.unity
  artifactKey: Guid(9ed21636637f84c24a14cca923d7abe1) Importer(815301076,1909f56bfc062723c751e8b465ee728b)
Start importing Assets/1-1.unity using Guid(9ed21636637f84c24a14cca923d7abe1) Importer(815301076,1909f56bfc062723c751e8b465ee728b)  -> (artifact id: 'decc19241b3d37e4e90905ee65db8f7d') in 0.008550 seconds 
  Import took 0.012077 seconds .

========================================================================
Received Import Request.
  Time since last request: 0.000622 seconds.
  path: Assets/1-1.unity
  artifactKey: Guid(9ed21636637f84c24a14cca923d7abe1) Importer(815301076,1909f56bfc062723c751e8b465ee728b)
Start importing Assets/1-1.unity using Guid(9ed21636637f84c24a14cca923d7abe1) Importer(815301076,1909f56bfc062723c751e8b465ee728b)  -> (artifact id: 'decc19241b3d37e4e90905ee65db8f7d') in 0.003264 seconds 
  Import took 0.006308 seconds .

========================================================================
Received Prepare
Registering precompiled user dll's ...
Registered in 0.005931 seconds.
Begin MonoManager ReloadAssembly
Native extension for WindowsStandalone target not found
Native extension for WebGL target not found
Refreshing native plugins compatible for Editor in 0.97 ms, found 2 plugins.
Preloading 0 native plugins for Editor in 0.00 ms.
Mono: successfully reloaded assembly
- Completed reload, in  1.112 seconds
Domain Reload Profiling:
	ReloadAssembly (1112ms)
		BeginReloadAssembly (106ms)
			ExecutionOrderSort (0ms)
			DisableScriptedObjects (6ms)
			BackupInstance (0ms)
			ReleaseScriptingObjects (0ms)
			CreateAndSetChildDomain (33ms)
		EndReloadAssembly (949ms)
			LoadAssemblies (88ms)
			RebuildTransferFunctionScriptingTraits (0ms)
			SetupTypeCache (274ms)
			ReleaseScriptCaches (1ms)
			RebuildScriptCaches (37ms)
			SetupLoadedEditorAssemblies (456ms)
				LogAssemblyErrors (0ms)
				InitializePlatformSupportModulesInManaged (6ms)
				SetLoadedEditorAssemblies (0ms)
				RefreshPlugins (1ms)
				BeforeProcessingInitializeOnLoad (100ms)
				ProcessInitializeOnLoadAttributes (315ms)
				ProcessInitializeOnLoadMethodAttributes (31ms)
				AfterProcessingInitializeOnLoad (2ms)
				EditorAssembliesLoaded (0ms)
			ExecutionOrderSort2 (0ms)
			AwakeInstancesAfterBackupRestoration (6ms)
Platform modules already initialized, skipping
Refreshing native plugins compatible for Editor in 0.60 ms, found 2 plugins.
Preloading 0 native plugins for Editor in 0.00 ms.
Unloading 1958 Unused Serialized files (Serialized files now loaded: 0)
System memory in use before: 84.5 MB.
System memory in use after: 84.6 MB.

Unloading 50 unused Assets to reduce memory usage. Loaded Objects now: 2430.
Total: 5.525600 ms (FindLiveObjects: 0.154300 ms CreateObjectMapping: 0.060300 ms MarkObjects: 5.275800 ms  DeleteObjects: 0.034400 ms)

AssetImportParameters requested are different than current active one (requested -> active):
  custom:framework-win-MediaFoundation: 216162199b28c13a410421893ffa2e32 -> 
  custom:video-decoder-ogg-theora: a1e56fd34408186e4bbccfd4996cb3dc -> 
  custom:container-muxer-webm: aa71ff27fc2769a1b78a27578f13a17b -> 
  custom:container-demuxer-webm: 4f35f7cbe854078d1ac9338744f61a02 -> 
  custom:container-demuxer-ogg: 62fdf1f143b41e24485cea50d1cbac27 -> 
  custom:video-encoder-webm-vp8: eb34c28f22e8b96e1ab97ce403110664 -> 
  custom:video-decoder-webm-vp8: 9c59270c3fd7afecdb556c50c9e8de78 -> 
  custom:audio-decoder-ogg-vorbis: bf7c407c2cedff20999df2af8eb42d56 -> 
  custom:audio-encoder-webm-vorbis: bf7c407c2cedff20999df2af8eb42d56 -> 
AssetImportWorkerClient::OnTransportError - code=2 error=End of file
